==10970== NVPROF is profiling process 10970, command: ../../../../CUDA/bin/add_two_matrix2
==10970== Some kernel(s) will be replayed on device 0 in order to collect all events/metrics.
==10970== Profiling application: ../../../../CUDA/bin/add_two_matrix2
NUMBLOCKS: 47852 THREADS_PER_BLOCK: 256
==10970== Profiling result:
==10970== Metric result:
Invocations                               Metric Name                           Metric Description         Min         Max         Avg
Device "NVIDIA Tegra X2 (0)"
    Kernel: addMatrix(int*, int*, int*, int)
          1                          stall_inst_fetch     Issue Stall Reasons (Instructions Fetch)       2.76%       2.76%       2.76%
          1                     stall_exec_dependency   Issue Stall Reasons (Execution Dependency)      14.94%      14.94%      14.94%
          1                                stall_sync        Issue Stall Reasons (Synchronization)       0.00%       0.00%       0.00%
          1                               stall_other                  Issue Stall Reasons (Other)       5.17%       5.17%       5.17%
          1                        stall_not_selected           Issue Stall Reasons (Not Selected)       1.38%       1.38%       1.38%
          1                   stall_memory_dependency           Issue Stall Reasons (Data Request)      74.29%      74.29%      74.29%
          1          stall_constant_memory_dependency     Issue Stall Reasons (Immediate constant)       0.02%       0.02%       0.02%
          1                           stall_pipe_busy              Issue Stall Reasons (Pipe Busy)       0.30%       0.30%       0.30%
          1                     stall_memory_throttle        Issue Stall Reasons (Memory Throttle)       1.14%       1.14%       1.14%

List of counters measured according to the part measured. The result obtained is stored for each counter, as well as a description.
- FRONT-END RESULTS:
			Counter                                       Description                                        Value 
			-------------------------------------------------------------------------------------------------------
			stall_inst_fetch                              Issue Stall Reasons (Instructions Fetch)           2.76%  
			stall_exec_dependency                         Issue Stall Reasons (Execution Dependency)         14.94% 
			stall_sync                                    Issue Stall Reasons (Synchronization)              0.00%  
			stall_other                                   Issue Stall Reasons (Other)                        5.17%  
			stall_not_selected                            Issue Stall Reasons (Not Selected)                 1.38%  


- BACK-END RESULTS:
			Counter                                       Description                                        Value 
			-------------------------------------------------------------------------------------------------------
			stall_memory_dependency                       Issue Stall Reasons (Data Request)                 74.29% 
			stall_constant_memory_dependency              Issue Stall Reasons (Immediate constant)           0.02%  
			stall_pipe_busy                               Issue Stall Reasons (Pipe Busy)                    0.30%  
			stall_memory_throttle                         Issue Stall Reasons (Memory Throttle)              1.14%  ==10999== NVPROF is profiling process 10999, command: ../../../../CUDA/bin/add_two_matrix2
==10999== Some kernel(s) will be replayed on device 0 in order to collect all events/metrics.
==10999== Profiling application: ../../../../CUDA/bin/add_two_matrix2
NUMBLOCKS: 47852 THREADS_PER_BLOCK: 256
==10999== Profiling result:
==10999== Metric result:
Invocations                               Metric Name                           Metric Description         Min         Max         Avg
Device "NVIDIA Tegra X2 (0)"
    Kernel: addMatrix(int*, int*, int*, int)
          1                          stall_inst_fetch     Issue Stall Reasons (Instructions Fetch)       2.45%       2.45%       2.45%
          1                     stall_exec_dependency   Issue Stall Reasons (Execution Dependency)      13.32%      13.32%      13.32%
          1                                stall_sync        Issue Stall Reasons (Synchronization)       0.00%       0.00%       0.00%
          1                               stall_other                  Issue Stall Reasons (Other)       4.40%       4.40%       4.40%
          1                        stall_not_selected           Issue Stall Reasons (Not Selected)       1.58%       1.58%       1.58%
          1                   stall_memory_dependency           Issue Stall Reasons (Data Request)      76.93%      76.93%      76.93%
          1          stall_constant_memory_dependency     Issue Stall Reasons (Immediate constant)       0.02%       0.02%       0.02%
          1                           stall_pipe_busy              Issue Stall Reasons (Pipe Busy)       0.27%       0.27%       0.27%
          1                     stall_memory_throttle        Issue Stall Reasons (Memory Throttle)       1.03%       1.03%       1.03%

List of counters measured according to the part measured. The result obtained is stored for each counter, as well as a description.
- FRONT-END RESULTS:
			Counter                                       Description                                        Value 
			-------------------------------------------------------------------------------------------------------
			stall_inst_fetch                              Issue Stall Reasons (Instructions Fetch)           2.45%  
			stall_exec_dependency                         Issue Stall Reasons (Execution Dependency)         13.32% 
			stall_sync                                    Issue Stall Reasons (Synchronization)              0.00%  
			stall_other                                   Issue Stall Reasons (Other)                        4.40%  
			stall_not_selected                            Issue Stall Reasons (Not Selected)                 1.58%  


- BACK-END RESULTS:
			Counter                                       Description                                        Value 
			-------------------------------------------------------------------------------------------------------
			stall_memory_dependency                       Issue Stall Reasons (Data Request)                 76.93% 
			stall_constant_memory_dependency              Issue Stall Reasons (Immediate constant)           0.02%  
			stall_pipe_busy                               Issue Stall Reasons (Pipe Busy)                    0.27%  
			stall_memory_throttle                         Issue Stall Reasons (Memory Throttle)              1.03%  ==12069== NVPROF is profiling process 12069, command: ../../../../CUDA/bin/add_two_matrix2
==12069== Some kernel(s) will be replayed on device 0 in order to collect all events/metrics.
==12069== Profiling application: ../../../../CUDA/bin/add_two_matrix2
NUMBLOCKS: 47852 THREADS_PER_BLOCK: 256
==12069== Profiling result:
==12069== Metric result:
Invocations                               Metric Name                           Metric Description         Min         Max         Avg
Device "NVIDIA Tegra X2 (0)"
    Kernel: addMatrix(int*, int*, int*, int)
          1                          stall_inst_fetch     Issue Stall Reasons (Instructions Fetch)       3.09%       3.09%       3.09%
          1                     stall_exec_dependency   Issue Stall Reasons (Execution Dependency)      16.72%      16.72%      16.72%
          1                                stall_sync        Issue Stall Reasons (Synchronization)       0.00%       0.00%       0.00%
          1                               stall_other                  Issue Stall Reasons (Other)       5.75%       5.75%       5.75%
          1                        stall_not_selected           Issue Stall Reasons (Not Selected)       1.54%       1.54%       1.54%
          1                   stall_memory_dependency           Issue Stall Reasons (Data Request)      71.18%      71.18%      71.18%
          1          stall_constant_memory_dependency     Issue Stall Reasons (Immediate constant)       0.03%       0.03%       0.03%
          1                           stall_pipe_busy              Issue Stall Reasons (Pipe Busy)       0.34%       0.34%       0.34%
          1                     stall_memory_throttle        Issue Stall Reasons (Memory Throttle)       1.36%       1.36%       1.36%

List of counters measured according to the part measured. The result obtained is stored for each counter, as well as a description.
- FRONT-END RESULTS:
			Counter                                       Description                                        Value 
			-------------------------------------------------------------------------------------------------------
			stall_inst_fetch                              Issue Stall Reasons (Instructions Fetch)           3.09%  
			stall_exec_dependency                         Issue Stall Reasons (Execution Dependency)         16.72% 
			stall_sync                                    Issue Stall Reasons (Synchronization)              0.00%  
			stall_other                                   Issue Stall Reasons (Other)                        5.75%  
			stall_not_selected                            Issue Stall Reasons (Not Selected)                 1.54%  


- BACK-END RESULTS:
			Counter                                       Description                                        Value 
			-------------------------------------------------------------------------------------------------------
			stall_memory_dependency                       Issue Stall Reasons (Data Request)                 71.18% 
			stall_constant_memory_dependency              Issue Stall Reasons (Immediate constant)           0.03%  
			stall_pipe_busy                               Issue Stall Reasons (Pipe Busy)                    0.34%  
			stall_memory_throttle                         Issue Stall Reasons (Memory Throttle)              1.36%  ==12086== NVPROF is profiling process 12086, command: ../../../../CUDA/bin/add_two_matrix2
==12086== Some kernel(s) will be replayed on device 0 in order to collect all events/metrics.
==12086== Profiling application: ../../../../CUDA/bin/add_two_matrix2
NUMBLOCKS: 47852 THREADS_PER_BLOCK: 256
==12086== Profiling result:
==12086== Metric result:
Invocations                               Metric Name                           Metric Description         Min         Max         Avg
Device "NVIDIA Tegra X2 (0)"
    Kernel: addMatrix(int*, int*, int*, int)
          1                          stall_inst_fetch     Issue Stall Reasons (Instructions Fetch)       2.45%       2.45%       2.45%
          1                     stall_exec_dependency   Issue Stall Reasons (Execution Dependency)      13.31%      13.31%      13.31%
          1                                stall_sync        Issue Stall Reasons (Synchronization)       0.00%       0.00%       0.00%
          1                               stall_other                  Issue Stall Reasons (Other)       4.38%       4.38%       4.38%
          1                        stall_not_selected           Issue Stall Reasons (Not Selected)       1.58%       1.58%       1.58%
          1                   stall_memory_dependency           Issue Stall Reasons (Data Request)      76.96%      76.96%      76.96%
          1          stall_constant_memory_dependency     Issue Stall Reasons (Immediate constant)       0.02%       0.02%       0.02%
          1                           stall_pipe_busy              Issue Stall Reasons (Pipe Busy)       0.27%       0.27%       0.27%
          1                     stall_memory_throttle        Issue Stall Reasons (Memory Throttle)       1.03%       1.03%       1.03%

List of counters measured according to the part measured. The result obtained is stored for each counter, as well as a description.
- FRONT-END RESULTS:
			Counter                                       Description                                        Value 
			-------------------------------------------------------------------------------------------------------
			stall_inst_fetch                              Issue Stall Reasons (Instructions Fetch)           2.45%  
			stall_exec_dependency                         Issue Stall Reasons (Execution Dependency)         13.31% 
			stall_sync                                    Issue Stall Reasons (Synchronization)              0.00%  
			stall_other                                   Issue Stall Reasons (Other)                        4.38%  
			stall_not_selected                            Issue Stall Reasons (Not Selected)                 1.58%  


- BACK-END RESULTS:
			Counter                                       Description                                        Value 
			-------------------------------------------------------------------------------------------------------
			stall_memory_dependency                       Issue Stall Reasons (Data Request)                 76.96% 
			stall_constant_memory_dependency              Issue Stall Reasons (Immediate constant)           0.02%  
			stall_pipe_busy                               Issue Stall Reasons (Pipe Busy)                    0.27%  
			stall_memory_throttle                         Issue Stall Reasons (Memory Throttle)              1.03%  ==12103== NVPROF is profiling process 12103, command: ../../../../CUDA/bin/add_two_matrix2
==12103== Some kernel(s) will be replayed on device 0 in order to collect all events/metrics.
==12103== Profiling application: ../../../../CUDA/bin/add_two_matrix2
NUMBLOCKS: 47852 THREADS_PER_BLOCK: 256
==12103== Profiling result:
==12103== Metric result:
Invocations                               Metric Name                           Metric Description         Min         Max         Avg
Device "NVIDIA Tegra X2 (0)"
    Kernel: addMatrix(int*, int*, int*, int)
          1                          stall_inst_fetch     Issue Stall Reasons (Instructions Fetch)       2.75%       2.75%       2.75%
          1                     stall_exec_dependency   Issue Stall Reasons (Execution Dependency)      14.77%      14.77%      14.77%
          1                                stall_sync        Issue Stall Reasons (Synchronization)       0.00%       0.00%       0.00%
          1                               stall_other                  Issue Stall Reasons (Other)       5.17%       5.17%       5.17%
          1                        stall_not_selected           Issue Stall Reasons (Not Selected)       1.38%       1.38%       1.38%
          1                   stall_memory_dependency           Issue Stall Reasons (Data Request)      74.47%      74.47%      74.47%
          1          stall_constant_memory_dependency     Issue Stall Reasons (Immediate constant)       0.02%       0.02%       0.02%
          1                           stall_pipe_busy              Issue Stall Reasons (Pipe Busy)       0.30%       0.30%       0.30%
          1                     stall_memory_throttle        Issue Stall Reasons (Memory Throttle)       1.14%       1.14%       1.14%

List of counters measured according to the part measured. The result obtained is stored for each counter, as well as a description.
- FRONT-END RESULTS:
			Counter                                       Description                                        Value 
			-------------------------------------------------------------------------------------------------------
			stall_inst_fetch                              Issue Stall Reasons (Instructions Fetch)           2.75%  
			stall_exec_dependency                         Issue Stall Reasons (Execution Dependency)         14.77% 
			stall_sync                                    Issue Stall Reasons (Synchronization)              0.00%  
			stall_other                                   Issue Stall Reasons (Other)                        5.17%  
			stall_not_selected                            Issue Stall Reasons (Not Selected)                 1.38%  


- BACK-END RESULTS:
			Counter                                       Description                                        Value 
			-------------------------------------------------------------------------------------------------------
			stall_memory_dependency                       Issue Stall Reasons (Data Request)                 74.47% 
			stall_constant_memory_dependency              Issue Stall Reasons (Immediate constant)           0.02%  
			stall_pipe_busy                               Issue Stall Reasons (Pipe Busy)                    0.30%  
			stall_memory_throttle                         Issue Stall Reasons (Memory Throttle)              1.14%  ==12120== NVPROF is profiling process 12120, command: ../../../../CUDA/bin/add_two_matrix2
==12120== Some kernel(s) will be replayed on device 0 in order to collect all events/metrics.
==12120== Profiling application: ../../../../CUDA/bin/add_two_matrix2
NUMBLOCKS: 47852 THREADS_PER_BLOCK: 256
==12120== Profiling result:
==12120== Metric result:
Invocations                               Metric Name                           Metric Description         Min         Max         Avg
Device "NVIDIA Tegra X2 (0)"
    Kernel: addMatrix(int*, int*, int*, int)
          1                          stall_inst_fetch     Issue Stall Reasons (Instructions Fetch)       2.76%       2.76%       2.76%
          1                     stall_exec_dependency   Issue Stall Reasons (Execution Dependency)      14.90%      14.90%      14.90%
          1                                stall_sync        Issue Stall Reasons (Synchronization)       0.00%       0.00%       0.00%
          1                               stall_other                  Issue Stall Reasons (Other)       5.13%       5.13%       5.13%
          1                        stall_not_selected           Issue Stall Reasons (Not Selected)       1.37%       1.37%       1.37%
          1                   stall_memory_dependency           Issue Stall Reasons (Data Request)      74.37%      74.37%      74.37%
          1          stall_constant_memory_dependency     Issue Stall Reasons (Immediate constant)       0.02%       0.02%       0.02%
          1                           stall_pipe_busy              Issue Stall Reasons (Pipe Busy)       0.30%       0.30%       0.30%
          1                     stall_memory_throttle        Issue Stall Reasons (Memory Throttle)       1.14%       1.14%       1.14%

List of counters measured according to the part measured. The result obtained is stored for each counter, as well as a description.
- FRONT-END RESULTS:
			Counter                                       Description                                        Value 
			-------------------------------------------------------------------------------------------------------
			stall_inst_fetch                              Issue Stall Reasons (Instructions Fetch)           2.76%  
			stall_exec_dependency                         Issue Stall Reasons (Execution Dependency)         14.90% 
			stall_sync                                    Issue Stall Reasons (Synchronization)              0.00%  
			stall_other                                   Issue Stall Reasons (Other)                        5.13%  
			stall_not_selected                            Issue Stall Reasons (Not Selected)                 1.37%  


- BACK-END RESULTS:
			Counter                                       Description                                        Value 
			-------------------------------------------------------------------------------------------------------
			stall_memory_dependency                       Issue Stall Reasons (Data Request)                 74.37% 
			stall_constant_memory_dependency              Issue Stall Reasons (Immediate constant)           0.02%  
			stall_pipe_busy                               Issue Stall Reasons (Pipe Busy)                    0.30%  
			stall_memory_throttle                         Issue Stall Reasons (Memory Throttle)              1.14%  ==12137== NVPROF is profiling process 12137, command: ../../../../CUDA/bin/add_two_matrix2
==12137== Some kernel(s) will be replayed on device 0 in order to collect all events/metrics.
==12137== Profiling application: ../../../../CUDA/bin/add_two_matrix2
NUMBLOCKS: 47852 THREADS_PER_BLOCK: 256
==12137== Profiling result:
==12137== Metric result:
Invocations                               Metric Name                           Metric Description         Min         Max         Avg
Device "NVIDIA Tegra X2 (0)"
    Kernel: addMatrix(int*, int*, int*, int)
          1                          stall_inst_fetch     Issue Stall Reasons (Instructions Fetch)       2.49%       2.49%       2.49%
          1                     stall_exec_dependency   Issue Stall Reasons (Execution Dependency)      13.50%      13.50%      13.50%
          1                                stall_sync        Issue Stall Reasons (Synchronization)       0.00%       0.00%       0.00%
          1                               stall_other                  Issue Stall Reasons (Other)       4.44%       4.44%       4.44%
          1                        stall_not_selected           Issue Stall Reasons (Not Selected)       1.60%       1.60%       1.60%
          1                   stall_memory_dependency           Issue Stall Reasons (Data Request)      76.65%      76.65%      76.65%
          1          stall_constant_memory_dependency     Issue Stall Reasons (Immediate constant)       0.02%       0.02%       0.02%
          1                           stall_pipe_busy              Issue Stall Reasons (Pipe Busy)       0.27%       0.27%       0.27%
          1                     stall_memory_throttle        Issue Stall Reasons (Memory Throttle)       1.02%       1.02%       1.02%

List of counters measured according to the part measured. The result obtained is stored for each counter, as well as a description.
- FRONT-END RESULTS:
			Counter                                       Description                                        Value 
			-------------------------------------------------------------------------------------------------------
			stall_inst_fetch                              Issue Stall Reasons (Instructions Fetch)           2.49%  
			stall_exec_dependency                         Issue Stall Reasons (Execution Dependency)         13.50% 
			stall_sync                                    Issue Stall Reasons (Synchronization)              0.00%  
			stall_other                                   Issue Stall Reasons (Other)                        4.44%  
			stall_not_selected                            Issue Stall Reasons (Not Selected)                 1.60%  


- BACK-END RESULTS:
			Counter                                       Description                                        Value 
			-------------------------------------------------------------------------------------------------------
			stall_memory_dependency                       Issue Stall Reasons (Data Request)                 76.65% 
			stall_constant_memory_dependency              Issue Stall Reasons (Immediate constant)           0.02%  
			stall_pipe_busy                               Issue Stall Reasons (Pipe Busy)                    0.27%  
			stall_memory_throttle                         Issue Stall Reasons (Memory Throttle)              1.02%  ==12154== NVPROF is profiling process 12154, command: ../../../../CUDA/bin/add_two_matrix2
==12154== Some kernel(s) will be replayed on device 0 in order to collect all events/metrics.
==12154== Profiling application: ../../../../CUDA/bin/add_two_matrix2
NUMBLOCKS: 47852 THREADS_PER_BLOCK: 256
==12154== Profiling result:
==12154== Metric result:
Invocations                               Metric Name                           Metric Description         Min         Max         Avg
Device "NVIDIA Tegra X2 (0)"
    Kernel: addMatrix(int*, int*, int*, int)
          1                          stall_inst_fetch     Issue Stall Reasons (Instructions Fetch)       3.95%       3.95%       3.95%
          1                     stall_exec_dependency   Issue Stall Reasons (Execution Dependency)      21.62%      21.62%      21.62%
          1                                stall_sync        Issue Stall Reasons (Synchronization)       0.00%       0.00%       0.00%
          1                               stall_other                  Issue Stall Reasons (Other)       7.27%       7.27%       7.27%
          1                        stall_not_selected           Issue Stall Reasons (Not Selected)       2.47%       2.47%       2.47%
          1                   stall_memory_dependency           Issue Stall Reasons (Data Request)      62.78%      62.78%      62.78%
          1          stall_constant_memory_dependency     Issue Stall Reasons (Immediate constant)       0.02%       0.02%       0.02%
          1                           stall_pipe_busy              Issue Stall Reasons (Pipe Busy)       0.44%       0.44%       0.44%
          1                     stall_memory_throttle        Issue Stall Reasons (Memory Throttle)       1.46%       1.46%       1.46%

List of counters measured according to the part measured. The result obtained is stored for each counter, as well as a description.
- FRONT-END RESULTS:
			Counter                                       Description                                        Value 
			-------------------------------------------------------------------------------------------------------
			stall_inst_fetch                              Issue Stall Reasons (Instructions Fetch)           3.95%  
			stall_exec_dependency                         Issue Stall Reasons (Execution Dependency)         21.62% 
			stall_sync                                    Issue Stall Reasons (Synchronization)              0.00%  
			stall_other                                   Issue Stall Reasons (Other)                        7.27%  
			stall_not_selected                            Issue Stall Reasons (Not Selected)                 2.47%  


- BACK-END RESULTS:
			Counter                                       Description                                        Value 
			-------------------------------------------------------------------------------------------------------
			stall_memory_dependency                       Issue Stall Reasons (Data Request)                 62.78% 
			stall_constant_memory_dependency              Issue Stall Reasons (Immediate constant)           0.02%  
			stall_pipe_busy                               Issue Stall Reasons (Pipe Busy)                    0.44%  
			stall_memory_throttle                         Issue Stall Reasons (Memory Throttle)              1.46%  ==12171== NVPROF is profiling process 12171, command: ../../../../CUDA/bin/add_two_matrix2
==12171== Some kernel(s) will be replayed on device 0 in order to collect all events/metrics.
==12171== Profiling application: ../../../../CUDA/bin/add_two_matrix2
NUMBLOCKS: 47852 THREADS_PER_BLOCK: 256
==12171== Profiling result:
==12171== Metric result:
Invocations                               Metric Name                           Metric Description         Min         Max         Avg
Device "NVIDIA Tegra X2 (0)"
    Kernel: addMatrix(int*, int*, int*, int)
          1                          stall_inst_fetch     Issue Stall Reasons (Instructions Fetch)       2.46%       2.46%       2.46%
          1                     stall_exec_dependency   Issue Stall Reasons (Execution Dependency)      13.31%      13.31%      13.31%
          1                                stall_sync        Issue Stall Reasons (Synchronization)       0.00%       0.00%       0.00%
          1                               stall_other                  Issue Stall Reasons (Other)       4.38%       4.38%       4.38%
          1                        stall_not_selected           Issue Stall Reasons (Not Selected)       1.58%       1.58%       1.58%
          1                   stall_memory_dependency           Issue Stall Reasons (Data Request)      76.95%      76.95%      76.95%
          1          stall_constant_memory_dependency     Issue Stall Reasons (Immediate constant)       0.02%       0.02%       0.02%
          1                           stall_pipe_busy              Issue Stall Reasons (Pipe Busy)       0.27%       0.27%       0.27%
          1                     stall_memory_throttle        Issue Stall Reasons (Memory Throttle)       1.02%       1.02%       1.02%
==12189== NVPROF is profiling process 12189, command: ../../../../CUDA/bin/add_two_matrix2
==12189== Some kernel(s) will be replayed on device 0 in order to collect all events/metrics.
==12189== Profiling application: ../../../../CUDA/bin/add_two_matrix2
NUMBLOCKS: 47852 THREADS_PER_BLOCK: 256
==12189== Profiling result:
==12189== Metric result:
Invocations                               Metric Name                           Metric Description         Min         Max         Avg
Device "NVIDIA Tegra X2 (0)"
    Kernel: addMatrix(int*, int*, int*, int)
          1                          stall_inst_fetch     Issue Stall Reasons (Instructions Fetch)       2.44%       2.44%       2.44%
          1                     stall_exec_dependency   Issue Stall Reasons (Execution Dependency)      13.32%      13.32%      13.32%
          1                                stall_sync        Issue Stall Reasons (Synchronization)       0.00%       0.00%       0.00%
          1                               stall_other                  Issue Stall Reasons (Other)       4.38%       4.38%       4.38%
          1                        stall_not_selected           Issue Stall Reasons (Not Selected)       1.58%       1.58%       1.58%
          1                   stall_memory_dependency           Issue Stall Reasons (Data Request)      76.97%      76.97%      76.97%
          1          stall_constant_memory_dependency     Issue Stall Reasons (Immediate constant)       0.02%       0.02%       0.02%
          1                           stall_pipe_busy              Issue Stall Reasons (Pipe Busy)       0.27%       0.27%       0.27%
          1                     stall_memory_throttle        Issue Stall Reasons (Memory Throttle)       1.02%       1.02%       1.02%

List of counters measured according to the part measured. The result obtained is stored for each counter, as well as a description.
- FRONT-END RESULTS:
			Counter                                       Description                                        Value 
			-------------------------------------------------------------------------------------------------------
			stall_inst_fetch                              Issue Stall Reasons (Instructions Fetch)           2.44%  
			stall_exec_dependency                         Issue Stall Reasons (Execution Dependency)         13.32% 
			stall_sync                                    Issue Stall Reasons (Synchronization)              0.00%  
			stall_other                                   Issue Stall Reasons (Other)                        4.38%  
			stall_not_selected                            Issue Stall Reasons (Not Selected)                 1.58%  


- BACK-END RESULTS:
			Counter                                       Description                                        Value 
			-------------------------------------------------------------------------------------------------------
			stall_memory_dependency                       Issue Stall Reasons (Data Request)                 76.97% 
			stall_constant_memory_dependency              Issue Stall Reasons (Immediate constant)           0.02%  
			stall_pipe_busy                               Issue Stall Reasons (Pipe Busy)                    0.27%  
			stall_memory_throttle                         Issue Stall Reasons (Memory Throttle)              1.02%  ==12207== NVPROF is profiling process 12207, command: ../../../../CUDA/bin/add_two_matrix2
==12207== Some kernel(s) will be replayed on device 0 in order to collect all events/metrics.
==12207== Profiling application: ../../../../CUDA/bin/add_two_matrix2
NUMBLOCKS: 47852 THREADS_PER_BLOCK: 256
==12207== Profiling result:
==12207== Metric result:
Invocations                               Metric Name                           Metric Description         Min         Max         Avg
Device "NVIDIA Tegra X2 (0)"
    Kernel: addMatrix(int*, int*, int*, int)
          1                          stall_inst_fetch     Issue Stall Reasons (Instructions Fetch)       2.18%       2.18%       2.18%
          1                     stall_exec_dependency   Issue Stall Reasons (Execution Dependency)      11.90%      11.90%      11.90%
          1                                stall_sync        Issue Stall Reasons (Synchronization)       0.00%       0.00%       0.00%
          1                               stall_other                  Issue Stall Reasons (Other)       4.00%       4.00%       4.00%
          1                        stall_not_selected           Issue Stall Reasons (Not Selected)       1.36%       1.36%       1.36%
          1                   stall_memory_dependency           Issue Stall Reasons (Data Request)      79.46%      79.46%      79.46%
          1          stall_constant_memory_dependency     Issue Stall Reasons (Immediate constant)       0.01%       0.01%       0.01%
          1                           stall_pipe_busy              Issue Stall Reasons (Pipe Busy)       0.24%       0.24%       0.24%
          1                     stall_memory_throttle        Issue Stall Reasons (Memory Throttle)       0.85%       0.85%       0.85%

List of counters measured according to the part measured. The result obtained is stored for each counter, as well as a description.
- FRONT-END RESULTS:
			Counter                                       Description                                        Value 
			-------------------------------------------------------------------------------------------------------
			stall_inst_fetch                              Issue Stall Reasons (Instructions Fetch)           2.18%  
			stall_exec_dependency                         Issue Stall Reasons (Execution Dependency)         11.90% 
			stall_sync                                    Issue Stall Reasons (Synchronization)              0.00%  
			stall_other                                   Issue Stall Reasons (Other)                        4.00%  
			stall_not_selected                            Issue Stall Reasons (Not Selected)                 1.36%  


- BACK-END RESULTS:
			Counter                                       Description                                        Value 
			-------------------------------------------------------------------------------------------------------
			stall_memory_dependency                       Issue Stall Reasons (Data Request)                 79.46% 
			stall_constant_memory_dependency              Issue Stall Reasons (Immediate constant)           0.01%  
			stall_pipe_busy                               Issue Stall Reasons (Pipe Busy)                    0.24%  
			stall_memory_throttle                         Issue Stall Reasons (Memory Throttle)              0.85%  ==12225== NVPROF is profiling process 12225, command: ../../../../CUDA/bin/add_two_matrix2
==12225== Some kernel(s) will be replayed on device 0 in order to collect all events/metrics.
==12225== Profiling application: ../../../../CUDA/bin/add_two_matrix2
NUMBLOCKS: 47852 THREADS_PER_BLOCK: 256
==12225== Profiling result:
==12225== Metric result:
Invocations                               Metric Name                           Metric Description         Min         Max         Avg
Device "NVIDIA Tegra X2 (0)"
    Kernel: addMatrix(int*, int*, int*, int)
          1                          stall_inst_fetch     Issue Stall Reasons (Instructions Fetch)       2.76%       2.76%       2.76%
          1                     stall_exec_dependency   Issue Stall Reasons (Execution Dependency)      14.88%      14.88%      14.88%
          1                                stall_sync        Issue Stall Reasons (Synchronization)       0.00%       0.00%       0.00%
          1                               stall_other                  Issue Stall Reasons (Other)       5.15%       5.15%       5.15%
          1                        stall_not_selected           Issue Stall Reasons (Not Selected)       1.38%       1.38%       1.38%
          1                   stall_memory_dependency           Issue Stall Reasons (Data Request)      74.36%      74.36%      74.36%
          1          stall_constant_memory_dependency     Issue Stall Reasons (Immediate constant)       0.02%       0.02%       0.02%
          1                           stall_pipe_busy              Issue Stall Reasons (Pipe Busy)       0.30%       0.30%       0.30%
          1                     stall_memory_throttle        Issue Stall Reasons (Memory Throttle)       1.15%       1.15%       1.15%
==12242== NVPROF is profiling process 12242, command: ../../../../CUDA/bin/add_two_matrix2
==12242== Some kernel(s) will be replayed on device 0 in order to collect all events/metrics.
==12242== Profiling application: ../../../../CUDA/bin/add_two_matrix2
NUMBLOCKS: 47852 THREADS_PER_BLOCK: 256
==12242== Profiling result:
==12242== Metric result:
Invocations                               Metric Name                           Metric Description         Min         Max         Avg
Device "NVIDIA Tegra X2 (0)"
    Kernel: addMatrix(int*, int*, int*, int)
          1                          stall_inst_fetch     Issue Stall Reasons (Instructions Fetch)       2.44%       2.44%       2.44%
          1                     stall_exec_dependency   Issue Stall Reasons (Execution Dependency)      13.19%      13.19%      13.19%
          1                                stall_sync        Issue Stall Reasons (Synchronization)       0.00%       0.00%       0.00%
          1                               stall_other                  Issue Stall Reasons (Other)       4.35%       4.35%       4.35%
          1                        stall_not_selected           Issue Stall Reasons (Not Selected)       1.57%       1.57%       1.57%
          1                   stall_memory_dependency           Issue Stall Reasons (Data Request)      77.15%      77.15%      77.15%
          1          stall_constant_memory_dependency     Issue Stall Reasons (Immediate constant)       0.02%       0.02%       0.02%
          1                           stall_pipe_busy              Issue Stall Reasons (Pipe Busy)       0.27%       0.27%       0.27%
          1                     stall_memory_throttle        Issue Stall Reasons (Memory Throttle)       1.02%       1.02%       1.02%
==12263== NVPROF is profiling process 12263, command: ../../../../CUDA/bin/add_two_matrix2
==12263== Some kernel(s) will be replayed on device 0 in order to collect all events/metrics.
==12263== Profiling application: ../../../../CUDA/bin/add_two_matrix2
NUMBLOCKS: 47852 THREADS_PER_BLOCK: 256
==12263== Profiling result:
==12263== Metric result:
Invocations                               Metric Name                           Metric Description         Min         Max         Avg
Device "NVIDIA Tegra X2 (0)"
    Kernel: addMatrix(int*, int*, int*, int)
          1                          stall_inst_fetch     Issue Stall Reasons (Instructions Fetch)       2.44%       2.44%       2.44%
          1                     stall_exec_dependency   Issue Stall Reasons (Execution Dependency)      13.15%      13.15%      13.15%
          1                                stall_sync        Issue Stall Reasons (Synchronization)       0.00%       0.00%       0.00%
          1                               stall_other                  Issue Stall Reasons (Other)       4.34%       4.34%       4.34%
          1                        stall_not_selected           Issue Stall Reasons (Not Selected)       1.57%       1.57%       1.57%
          1                   stall_memory_dependency           Issue Stall Reasons (Data Request)      77.20%      77.20%      77.20%
          1          stall_constant_memory_dependency     Issue Stall Reasons (Immediate constant)       0.02%       0.02%       0.02%
          1                           stall_pipe_busy              Issue Stall Reasons (Pipe Busy)       0.27%       0.27%       0.27%
          1                     stall_memory_throttle        Issue Stall Reasons (Memory Throttle)       1.01%       1.01%       1.01%
==12283== NVPROF is profiling process 12283, command: ../../../../CUDA/bin/add_two_matrix2
==12283== Some kernel(s) will be replayed on device 0 in order to collect all events/metrics.
==12283== Profiling application: ../../../../CUDA/bin/add_two_matrix2
NUMBLOCKS: 47852 THREADS_PER_BLOCK: 256
==12283== Profiling result:
==12283== Metric result:
Invocations                               Metric Name                           Metric Description         Min         Max         Avg
Device "NVIDIA Tegra X2 (0)"
    Kernel: addMatrix(int*, int*, int*, int)
          1                          stall_inst_fetch     Issue Stall Reasons (Instructions Fetch)       2.45%       2.45%       2.45%
          1                     stall_exec_dependency   Issue Stall Reasons (Execution Dependency)      13.18%      13.18%      13.18%
          1                                stall_sync        Issue Stall Reasons (Synchronization)       0.00%       0.00%       0.00%
          1                               stall_other                  Issue Stall Reasons (Other)       4.34%       4.34%       4.34%
          1                        stall_not_selected           Issue Stall Reasons (Not Selected)       1.57%       1.57%       1.57%
          1                   stall_memory_dependency           Issue Stall Reasons (Data Request)      77.16%      77.16%      77.16%
          1          stall_constant_memory_dependency     Issue Stall Reasons (Immediate constant)       0.02%       0.02%       0.02%
          1                           stall_pipe_busy              Issue Stall Reasons (Pipe Busy)       0.27%       0.27%       0.27%
          1                     stall_memory_throttle        Issue Stall Reasons (Memory Throttle)       1.01%       1.01%       1.01%

List of counters measured according to the part measured. The result obtained is stored for each counter, as well as a description.
- FRONT-END RESULTS:
			Counter                                       Description                                        Value 
			-------------------------------------------------------------------------------------------------------
			stall_inst_fetch                              Issue Stall Reasons (Instructions Fetch)           2.45%  
			stall_exec_dependency                         Issue Stall Reasons (Execution Dependency)         13.18% 
			stall_sync                                    Issue Stall Reasons (Synchronization)              0.00%  
			stall_other                                   Issue Stall Reasons (Other)                        4.34%  
			stall_not_selected                            Issue Stall Reasons (Not Selected)                 1.57%  


- BACK-END RESULTS:
			Counter                                       Description                                        Value 
			-------------------------------------------------------------------------------------------------------
			stall_memory_dependency                       Issue Stall Reasons (Data Request)                 77.16% 
			stall_constant_memory_dependency              Issue Stall Reasons (Immediate constant)           0.02%  
			stall_pipe_busy                               Issue Stall Reasons (Pipe Busy)                    0.27%  
			stall_memory_throttle                         Issue Stall Reasons (Memory Throttle)              1.01%  ==12300== NVPROF is profiling process 12300, command: ../../../../CUDA/bin/add_two_matrix2
==12300== Some kernel(s) will be replayed on device 0 in order to collect all events/metrics.
==12300== Profiling application: ../../../../CUDA/bin/add_two_matrix2
NUMBLOCKS: 47852 THREADS_PER_BLOCK: 256
==12300== Profiling result:
==12300== Metric result:
Invocations                               Metric Name                           Metric Description         Min         Max         Avg
Device "NVIDIA Tegra X2 (0)"
    Kernel: addMatrix(int*, int*, int*, int)
          1                          stall_inst_fetch     Issue Stall Reasons (Instructions Fetch)       2.43%       2.43%       2.43%
          1                     stall_exec_dependency   Issue Stall Reasons (Execution Dependency)      13.25%      13.25%      13.25%
          1                                stall_sync        Issue Stall Reasons (Synchronization)       0.00%       0.00%       0.00%
          1                               stall_other                  Issue Stall Reasons (Other)       4.36%       4.36%       4.36%
          1                        stall_not_selected           Issue Stall Reasons (Not Selected)       1.57%       1.57%       1.57%
          1                   stall_memory_dependency           Issue Stall Reasons (Data Request)      77.09%      77.09%      77.09%
          1          stall_constant_memory_dependency     Issue Stall Reasons (Immediate constant)       0.02%       0.02%       0.02%
          1                           stall_pipe_busy              Issue Stall Reasons (Pipe Busy)       0.27%       0.27%       0.27%
          1                     stall_memory_throttle        Issue Stall Reasons (Memory Throttle)       1.02%       1.02%       1.02%

List of counters measured according to the part measured. The result obtained is stored for each counter, as well as a description.
- FRONT-END RESULTS:
			Counter                                       Description                                        Value 
			-------------------------------------------------------------------------------------------------------
			stall_inst_fetch                              Issue Stall Reasons (Instructions Fetch)           2.43%  
			stall_exec_dependency                         Issue Stall Reasons (Execution Dependency)         13.25% 
			stall_sync                                    Issue Stall Reasons (Synchronization)              0.00%  
			stall_other                                   Issue Stall Reasons (Other)                        4.36%  
			stall_not_selected                            Issue Stall Reasons (Not Selected)                 1.57%  


- BACK-END RESULTS:
			Counter                                       Description                                        Value 
			-------------------------------------------------------------------------------------------------------
			stall_memory_dependency                       Issue Stall Reasons (Data Request)                 77.09% 
			stall_constant_memory_dependency              Issue Stall Reasons (Immediate constant)           0.02%  
			stall_pipe_busy                               Issue Stall Reasons (Pipe Busy)                    0.27%  
			stall_memory_throttle                         Issue Stall Reasons (Memory Throttle)              1.02%  ==12319== NVPROF is profiling process 12319, command: ../../../../CUDA/bin/add_two_matrix2
==12319== Some kernel(s) will be replayed on device 0 in order to collect all events/metrics.
==12319== Profiling application: ../../../../CUDA/bin/add_two_matrix2
NUMBLOCKS: 47852 THREADS_PER_BLOCK: 256
==12319== Profiling result:
==12319== Metric result:
Invocations                               Metric Name                           Metric Description         Min         Max         Avg
Device "NVIDIA Tegra X2 (0)"
    Kernel: addMatrix(int*, int*, int*, int)
          1                          stall_inst_fetch     Issue Stall Reasons (Instructions Fetch)       2.74%       2.74%       2.74%
          1                     stall_exec_dependency   Issue Stall Reasons (Execution Dependency)      14.83%      14.83%      14.83%
          1                                stall_sync        Issue Stall Reasons (Synchronization)       0.00%       0.00%       0.00%
          1                               stall_other                  Issue Stall Reasons (Other)       5.14%       5.14%       5.14%
          1                        stall_not_selected           Issue Stall Reasons (Not Selected)       1.38%       1.38%       1.38%
          1                   stall_memory_dependency           Issue Stall Reasons (Data Request)      74.46%      74.46%      74.46%
          1          stall_constant_memory_dependency     Issue Stall Reasons (Immediate constant)       0.02%       0.02%       0.02%
          1                           stall_pipe_busy              Issue Stall Reasons (Pipe Busy)       0.30%       0.30%       0.30%
          1                     stall_memory_throttle        Issue Stall Reasons (Memory Throttle)       1.13%       1.13%       1.13%
==12339== NVPROF is profiling process 12339, command: ../../../../CUDA/bin/add_two_matrix2
==12339== Some kernel(s) will be replayed on device 0 in order to collect all events/metrics.
==12339== Profiling application: ../../../../CUDA/bin/add_two_matrix2
NUMBLOCKS: 47852 THREADS_PER_BLOCK: 256
==12339== Profiling result:
==12339== Metric result:
Invocations                               Metric Name                           Metric Description         Min         Max         Avg
Device "NVIDIA Tegra X2 (0)"
    Kernel: addMatrix(int*, int*, int*, int)
          1                          stall_inst_fetch     Issue Stall Reasons (Instructions Fetch)       2.46%       2.46%       2.46%
          1                     stall_exec_dependency   Issue Stall Reasons (Execution Dependency)      13.35%      13.35%      13.35%
          1                                stall_sync        Issue Stall Reasons (Synchronization)       0.00%       0.00%       0.00%
          1                               stall_other                  Issue Stall Reasons (Other)       4.38%       4.38%       4.38%
          1                        stall_not_selected           Issue Stall Reasons (Not Selected)       1.58%       1.58%       1.58%
          1                   stall_memory_dependency           Issue Stall Reasons (Data Request)      76.92%      76.92%      76.92%
          1          stall_constant_memory_dependency     Issue Stall Reasons (Immediate constant)       0.03%       0.03%       0.03%
          1                           stall_pipe_busy              Issue Stall Reasons (Pipe Busy)       0.27%       0.27%       0.27%
          1                     stall_memory_throttle        Issue Stall Reasons (Memory Throttle)       1.01%       1.01%       1.01%

List of counters measured according to the part measured. The result obtained is stored for each counter, as well as a description.
- FRONT-END RESULTS:
			Counter                                       Description                                        Value 
			-------------------------------------------------------------------------------------------------------
			stall_inst_fetch                              Issue Stall Reasons (Instructions Fetch)           2.46%  
			stall_exec_dependency                         Issue Stall Reasons (Execution Dependency)         13.35% 
			stall_sync                                    Issue Stall Reasons (Synchronization)              0.00%  
			stall_other                                   Issue Stall Reasons (Other)                        4.38%  
			stall_not_selected                            Issue Stall Reasons (Not Selected)                 1.58%  


- BACK-END RESULTS:
			Counter                                       Description                                        Value 
			-------------------------------------------------------------------------------------------------------
			stall_memory_dependency                       Issue Stall Reasons (Data Request)                 76.92% 
			stall_constant_memory_dependency              Issue Stall Reasons (Immediate constant)           0.03%  
			stall_pipe_busy                               Issue Stall Reasons (Pipe Busy)                    0.27%  
			stall_memory_throttle                         Issue Stall Reasons (Memory Throttle)              1.01%  ==12356== NVPROF is profiling process 12356, command: ../../../../CUDA/bin/add_two_matrix2
==12356== Some kernel(s) will be replayed on device 0 in order to collect all events/metrics.
==12356== Profiling application: ../../../../CUDA/bin/add_two_matrix2
NUMBLOCKS: 47852 THREADS_PER_BLOCK: 256
==12356== Profiling result:
==12356== Metric result:
Invocations                               Metric Name                           Metric Description         Min         Max         Avg
Device "NVIDIA Tegra X2 (0)"
    Kernel: addMatrix(int*, int*, int*, int)
          1                          stall_inst_fetch     Issue Stall Reasons (Instructions Fetch)       2.74%       2.74%       2.74%
          1                     stall_exec_dependency   Issue Stall Reasons (Execution Dependency)      15.00%      15.00%      15.00%
          1                                stall_sync        Issue Stall Reasons (Synchronization)       0.00%       0.00%       0.00%
          1                               stall_other                  Issue Stall Reasons (Other)       5.07%       5.07%       5.07%
          1                        stall_not_selected           Issue Stall Reasons (Not Selected)       1.37%       1.37%       1.37%
          1                   stall_memory_dependency           Issue Stall Reasons (Data Request)      74.34%      74.34%      74.34%
          1          stall_constant_memory_dependency     Issue Stall Reasons (Immediate constant)       0.02%       0.02%       0.02%
          1                           stall_pipe_busy              Issue Stall Reasons (Pipe Busy)       0.30%       0.30%       0.30%
          1                     stall_memory_throttle        Issue Stall Reasons (Memory Throttle)       1.14%       1.14%       1.14%

List of counters measured according to the part measured. The result obtained is stored for each counter, as well as a description.
- FRONT-END RESULTS:
			Counter                                       Description                                        Value 
			-------------------------------------------------------------------------------------------------------
			stall_inst_fetch                              Issue Stall Reasons (Instructions Fetch)           2.74%  
			stall_exec_dependency                         Issue Stall Reasons (Execution Dependency)         15.00% 
			stall_sync                                    Issue Stall Reasons (Synchronization)              0.00%  
			stall_other                                   Issue Stall Reasons (Other)                        5.07%  
			stall_not_selected                            Issue Stall Reasons (Not Selected)                 1.37%  


- BACK-END RESULTS:
			Counter                                       Description                                        Value 
			-------------------------------------------------------------------------------------------------------
			stall_memory_dependency                       Issue Stall Reasons (Data Request)                 74.34% 
			stall_constant_memory_dependency              Issue Stall Reasons (Immediate constant)           0.02%  
			stall_pipe_busy                               Issue Stall Reasons (Pipe Busy)                    0.30%  
			stall_memory_throttle                         Issue Stall Reasons (Memory Throttle)              1.14%  ==12378== NVPROF is profiling process 12378, command: ../../../../CUDA/bin/add_two_matrix2
==12378== Some kernel(s) will be replayed on device 0 in order to collect all events/metrics.
==12378== Profiling application: ../../../../CUDA/bin/add_two_matrix2
NUMBLOCKS: 47852 THREADS_PER_BLOCK: 256
==12378== Profiling result:
==12378== Metric result:
Invocations                               Metric Name                           Metric Description         Min         Max         Avg
Device "NVIDIA Tegra X2 (0)"
    Kernel: addMatrix(int*, int*, int*, int)
          1                          stall_inst_fetch     Issue Stall Reasons (Instructions Fetch)       3.10%       3.10%       3.10%
          1                     stall_exec_dependency   Issue Stall Reasons (Execution Dependency)      16.84%      16.84%      16.84%
          1                                stall_sync        Issue Stall Reasons (Synchronization)       0.00%       0.00%       0.00%
          1                               stall_other                  Issue Stall Reasons (Other)       5.78%       5.78%       5.78%
          1                        stall_not_selected           Issue Stall Reasons (Not Selected)       1.55%       1.55%       1.55%
          1                   stall_memory_dependency           Issue Stall Reasons (Data Request)      71.02%      71.02%      71.02%
          1          stall_constant_memory_dependency     Issue Stall Reasons (Immediate constant)       0.03%       0.03%       0.03%
          1                           stall_pipe_busy              Issue Stall Reasons (Pipe Busy)       0.34%       0.34%       0.34%
          1                     stall_memory_throttle        Issue Stall Reasons (Memory Throttle)       1.35%       1.35%       1.35%

List of counters measured according to the part measured. The result obtained is stored for each counter, as well as a description.
- FRONT-END RESULTS:
			Counter                                       Description                                        Value 
			-------------------------------------------------------------------------------------------------------
			stall_inst_fetch                              Issue Stall Reasons (Instructions Fetch)           3.10%  
			stall_exec_dependency                         Issue Stall Reasons (Execution Dependency)         16.84% 
			stall_sync                                    Issue Stall Reasons (Synchronization)              0.00%  
			stall_other                                   Issue Stall Reasons (Other)                        5.78%  
			stall_not_selected                            Issue Stall Reasons (Not Selected)                 1.55%  


- BACK-END RESULTS:
			Counter                                       Description                                        Value 
			-------------------------------------------------------------------------------------------------------
			stall_memory_dependency                       Issue Stall Reasons (Data Request)                 71.02% 
			stall_constant_memory_dependency              Issue Stall Reasons (Immediate constant)           0.03%  
			stall_pipe_busy                               Issue Stall Reasons (Pipe Busy)                    0.34%  
			stall_memory_throttle                         Issue Stall Reasons (Memory Throttle)              1.35%  ==12396== NVPROF is profiling process 12396, command: ../../../../CUDA/bin/add_two_matrix2
==12396== Some kernel(s) will be replayed on device 0 in order to collect all events/metrics.
==12396== Profiling application: ../../../../CUDA/bin/add_two_matrix2
NUMBLOCKS: 47852 THREADS_PER_BLOCK: 256
==12396== Profiling result:
==12396== Metric result:
Invocations                               Metric Name                           Metric Description         Min         Max         Avg
Device "NVIDIA Tegra X2 (0)"
    Kernel: addMatrix(int*, int*, int*, int)
          1                          stall_inst_fetch     Issue Stall Reasons (Instructions Fetch)       3.10%       3.10%       3.10%
          1                     stall_exec_dependency   Issue Stall Reasons (Execution Dependency)      16.99%      16.99%      16.99%
          1                                stall_sync        Issue Stall Reasons (Synchronization)       0.00%       0.00%       0.00%
          1                               stall_other                  Issue Stall Reasons (Other)       5.75%       5.75%       5.75%
          1                        stall_not_selected           Issue Stall Reasons (Not Selected)       1.55%       1.55%       1.55%
          1                   stall_memory_dependency           Issue Stall Reasons (Data Request)      70.89%      70.89%      70.89%
          1          stall_constant_memory_dependency     Issue Stall Reasons (Immediate constant)       0.03%       0.03%       0.03%
          1                           stall_pipe_busy              Issue Stall Reasons (Pipe Busy)       0.34%       0.34%       0.34%
          1                     stall_memory_throttle        Issue Stall Reasons (Memory Throttle)       1.34%       1.34%       1.34%

List of counters measured according to the part measured. The result obtained is stored for each counter, as well as a description.
- FRONT-END RESULTS:
			Counter                                       Description                                        Value 
			-------------------------------------------------------------------------------------------------------
			stall_inst_fetch                              Issue Stall Reasons (Instructions Fetch)           3.10%  
			stall_exec_dependency                         Issue Stall Reasons (Execution Dependency)         16.99% 
			stall_sync                                    Issue Stall Reasons (Synchronization)              0.00%  
			stall_other                                   Issue Stall Reasons (Other)                        5.75%  
			stall_not_selected                            Issue Stall Reasons (Not Selected)                 1.55%  


- BACK-END RESULTS:
			Counter                                       Description                                        Value 
			-------------------------------------------------------------------------------------------------------
			stall_memory_dependency                       Issue Stall Reasons (Data Request)                 70.89% 
			stall_constant_memory_dependency              Issue Stall Reasons (Immediate constant)           0.03%  
			stall_pipe_busy                               Issue Stall Reasons (Pipe Busy)                    0.34%  
			stall_memory_throttle                         Issue Stall Reasons (Memory Throttle)              1.34%  